\BOOKMARK [1][-]{section.1}{Abstract}{}% 1
\BOOKMARK [1][-]{section.2}{Task specification}{}% 2
\BOOKMARK [2][-]{subsection.2.1}{Sub-assignment 1. A Single-User Information System for NOG}{section.2}% 3
\BOOKMARK [2][-]{subsection.2.2}{Sub-assignment 2. A Multi-User Information System for NOG}{section.2}% 4
\BOOKMARK [2][-]{subsection.2.3}{Sub-assignment 3. Chat Rooms for NOG}{section.2}% 5
\BOOKMARK [1][-]{section.3}{Platform}{}% 6
\BOOKMARK [1][-]{section.4}{Software and technologies used}{}% 7
\BOOKMARK [1][-]{section.5}{The application}{}% 8
\BOOKMARK [2][-]{subsection.5.1}{Sub-assignment 1. A Single-User Information System for NOG}{section.5}% 9
\BOOKMARK [3][-]{subsubsection.5.1.1}{Functionality}{subsection.5.1}% 10
\BOOKMARK [3][-]{subsubsection.5.1.2}{Protocols used}{subsection.5.1}% 11
\BOOKMARK [3][-]{subsubsection.5.1.3}{GUI}{subsection.5.1}% 12
\BOOKMARK [3][-]{subsubsection.5.1.4}{Architecture}{subsection.5.1}% 13
\BOOKMARK [3][-]{subsubsection.5.1.5}{Load-testing}{subsection.5.1}% 14
\BOOKMARK [2][-]{subsection.5.2}{Sub-assignment 2. A Multi-User Information System for NOG}{section.5}% 15
\BOOKMARK [3][-]{subsubsection.5.2.1}{Functionality}{subsection.5.2}% 16
\BOOKMARK [3][-]{subsubsection.5.2.2}{Protocols used}{subsection.5.2}% 17
\BOOKMARK [3][-]{subsubsection.5.2.3}{GUI}{subsection.5.2}% 18
\BOOKMARK [3][-]{subsubsection.5.2.4}{Architecture}{subsection.5.2}% 19
\BOOKMARK [3][-]{subsubsection.5.2.5}{Load-testing}{subsection.5.2}% 20
\BOOKMARK [2][-]{subsection.5.3}{Sub-assignment 3. Chat Rooms for NOG}{section.5}% 21
\BOOKMARK [3][-]{subsubsection.5.3.1}{Functionality}{subsection.5.3}% 22
\BOOKMARK [3][-]{subsubsection.5.3.2}{Protocols used}{subsection.5.3}% 23
\BOOKMARK [3][-]{subsubsection.5.3.3}{GUI}{subsection.5.3}% 24
\BOOKMARK [3][-]{subsubsection.5.3.4}{Architecture}{subsection.5.3}% 25
\BOOKMARK [1][-]{section.6}{Documentation}{}% 26
